22/12/2011 01:02:15 devpinoyLogger Hello
22/12/2011 01:02:15 devpinoyLogger Properties loaded. Starting testing
22/12/2011 01:02:15 devpinoyLogger Intialize Suite xlsx
22/12/2011 01:02:16 devpinoyLogger Check Items -- N
22/12/2011 01:02:16 devpinoyLogger Search Suite -- Y
22/12/2011 01:02:16 devpinoyLogger ******Executing the Suite******Search Suite
22/12/2011 01:02:16 devpinoyLogger First3Results -- N
22/12/2011 01:02:16 devpinoyLogger LaptopdisplayTest -- Y
22/12/2011 01:02:16 devpinoyLogger Executing the test case -> LaptopdisplayTest
22/12/2011 01:02:16 devpinoyLogger Iteration number 1
22/12/2011 01:02:17 devpinoyLogger openBrowser
22/12/2011 01:02:17 devpinoyLogger Opening browser
22/12/2011 01:02:23 devpinoyLogger PASS
22/12/2011 01:02:23 devpinoyLogger navigate
22/12/2011 01:02:23 devpinoyLogger Navigating to URL
22/12/2011 01:02:31 devpinoyLogger PASS
22/12/2011 01:02:32 devpinoyLogger verifyTitle
22/12/2011 01:02:32 devpinoyLogger Verifying title
22/12/2011 01:02:32 devpinoyLogger PASS
22/12/2011 01:02:33 devpinoyLogger clickLink
22/12/2011 01:02:33 devpinoyLogger Clicking on link 
22/12/2011 01:02:34 devpinoyLogger PASS
22/12/2011 01:02:37 devpinoyLogger clickLink
22/12/2011 01:02:37 devpinoyLogger Clicking on link 
22/12/2011 01:02:37 devpinoyLogger PASS
22/12/2011 01:02:41 devpinoyLogger selectList
22/12/2011 01:02:41 devpinoyLogger Selecting from list
22/12/2011 01:02:41 devpinoyLogger PASS
22/12/2011 01:02:42 devpinoyLogger selectList
22/12/2011 01:02:42 devpinoyLogger Selecting from list
22/12/2011 01:02:42 devpinoyLogger PASS
22/12/2011 01:02:43 devpinoyLogger pause
22/12/2011 01:02:46 devpinoyLogger PASS
22/12/2011 01:02:47 devpinoyLogger verifyLaptops
22/12/2011 01:02:47 devpinoyLogger Verifying the laptops in app
22/12/2011 01:02:47 devpinoyLogger PASS
22/12/2011 01:02:49 devpinoyLogger C Suite -- N
